<?xml version="1.0" encoding="UTF-8"?>
<testng-results skipped="0" failed="0" ignored="0" total="1" passed="1">
  <reporter-output>
  </reporter-output>
  <suite name="Default suite" duration-ms="15861" started-at="2019-04-24T01:12:03Z" finished-at="2019-04-24T01:12:19Z">
    <groups>
    </groups>
    <test name="Default test" duration-ms="15861" started-at="2019-04-24T01:12:03Z" finished-at="2019-04-24T01:12:19Z">
      <class name="MavenJavaFravework.TestNGDemo">
        <test-method status="PASS" signature="setup()[pri:0, instance:MavenJavaFravework.TestNGDemo@467aecef]" name="setup" is-config="true" duration-ms="4402" started-at="2019-04-24T01:12:03Z" finished-at="2019-04-24T01:12:08Z">
          <reporter-output>
          </reporter-output>
        </test-method> <!-- setup -->
        <test-method status="PASS" signature="googleSearch()[pri:0, instance:MavenJavaFravework.TestNGDemo@467aecef]" name="googleSearch" duration-ms="11095" started-at="2019-04-24T01:12:08Z" finished-at="2019-04-24T01:12:19Z">
          <reporter-output>
          </reporter-output>
        </test-method> <!-- googleSearch -->
        <test-method status="PASS" signature="Closebrowser()[pri:0, instance:MavenJavaFravework.TestNGDemo@467aecef]" name="Closebrowser" is-config="true" duration-ms="323" started-at="2019-04-24T01:12:19Z" finished-at="2019-04-24T01:12:19Z">
          <reporter-output>
          </reporter-output>
        </test-method> <!-- Closebrowser -->
      </class> <!-- MavenJavaFravework.TestNGDemo -->
    </test> <!-- Default test -->
  </suite> <!-- Default suite -->
</testng-results>
